<?xml version="1.0" encoding="UTF-8"?>
<testng-results skipped="0" failed="0" total="2" passed="2">
  <reporter-output>
  </reporter-output>
  <suite name="Suite" duration-ms="24263" started-at="2017-01-10T01:35:07Z" finished-at="2017-01-10T01:35:31Z">
    <groups>
    </groups>
    <test name="Test" duration-ms="24263" started-at="2017-01-10T01:35:07Z" finished-at="2017-01-10T01:35:31Z">
      <class name="testcases.TC_002">
        <test-method status="PASS" signature="bmet()[pri:0, instance:testcases.TC_002@6956de9]" name="bmet" is-config="true" duration-ms="9160" started-at="2017-01-10T07:05:21Z" finished-at="2017-01-10T07:05:31Z">
          <reporter-output>
          </reporter-output>
        </test-method> <!-- bmet -->
        <test-method status="PASS" signature="tcase1()[pri:0, instance:testcases.TC_002@6956de9]" name="tcase1" duration-ms="687" started-at="2017-01-10T07:05:31Z" finished-at="2017-01-10T07:05:31Z">
          <reporter-output>
          </reporter-output>
        </test-method> <!-- tcase1 -->
      </class> <!-- testcases.TC_002 -->
      <class name="testcases.TC_001">
        <test-method status="PASS" signature="bmet()[pri:0, instance:testcases.TC_001@18ef96]" name="bmet" is-config="true" duration-ms="12512" started-at="2017-01-10T07:05:07Z" finished-at="2017-01-10T07:05:20Z">
          <reporter-output>
          </reporter-output>
        </test-method> <!-- bmet -->
        <test-method status="PASS" signature="tcase1()[pri:0, instance:testcases.TC_001@18ef96]" name="tcase1" duration-ms="1855" started-at="2017-01-10T07:05:20Z" finished-at="2017-01-10T07:05:21Z">
          <reporter-output>
          </reporter-output>
        </test-method> <!-- tcase1 -->
      </class> <!-- testcases.TC_001 -->
    </test> <!-- Test -->
  </suite> <!-- Suite -->
</testng-results>
